<?xml version="1.0" encoding="UTF-8"?>
<!-- Generated by org.testng.reporters.JUnitXMLReporter -->
<testsuite ignored="4" hostname="HP" failures="0" tests="1" name="SanityTest" time="73.961" errors="0" timestamp="2022-11-06T22:36:13 IST">
  <testcase classname="com.dcpl.testcase.LoginPageTest" name="loginTest" time="51.418"/>
  <testcase classname="com.dcpl.testcase.IndexPageTest" name="verifyStoreTitle" time="0.0">
    <ignored/>
  </testcase> <!-- verifyStoreTitle -->
  <testcase classname="com.dcpl.base.BaseClass" name="@AfterSuite afterSuite" time="0.0">
    <ignored/>
  </testcase> <!-- @AfterSuite afterSuite -->
  <testcase classname="com.dcpl.base.BaseClass" name="@BeforeSuite readConfig" time="0.0">
    <ignored/>
  </testcase> <!-- @BeforeSuite readConfig -->
  <testcase classname="com.dcpl.testcase.IndexPageTest" name="verifyLogo" time="0.0">
    <ignored/>
  </testcase> <!-- verifyLogo -->
</testsuite> <!-- SanityTest -->
