<?xml version="1.0" encoding="UTF-8"?>
<!-- Generated by org.testng.reporters.JUnitXMLReporter -->
<testsuite ignored="0" hostname="HP" failures="2" tests="2" name="Test_All" time="86.344" errors="0" timestamp="2022-11-02T00:12:18 IST">
  <testcase classname="com.dcpl.testcase.IndexPageTest" name="verifyLogo" time="0.028">
    <failure type="java.lang.AssertionError" message="expected [true] but found [false]">
      <![CDATA[java.lang.AssertionError: expected [true] but found [false]
at com.dcpl.testcase.IndexPageTest.verifyLogo(IndexPageTest.java:35)
at java.base/java.util.ArrayList.forEach(ArrayList.java:1511)
... Removed 31 stack frames]]>
    </failure>
  </testcase> <!-- verifyLogo -->
  <testcase classname="com.dcpl.testcase.IndexPageTest" name="verifyStoreTitle" time="0.024">
    <failure type="java.lang.AssertionError" message="expected [My Store1] but found [My Store]">
      <![CDATA[java.lang.AssertionError: expected [My Store1] but found [My Store]
at com.dcpl.testcase.IndexPageTest.verifyStoreTitle(IndexPageTest.java:43)
at java.base/java.util.ArrayList.forEach(ArrayList.java:1511)
... Removed 33 stack frames]]>
    </failure>
  </testcase> <!-- verifyStoreTitle -->
</testsuite> <!-- Test_All -->
