<?xml version="1.0" encoding="UTF-8"?>
<testng-results ignored="4" total="5" passed="1" failed="0" skipped="0">
  <reporter-output>
  </reporter-output>
  <suite started-at="2022-11-06T22:34:59 IST" name="Suite" finished-at="2022-11-06T22:36:13 IST" duration-ms="73961">
    <groups>
      <group name="Sanity">
        <method signature="LoginPageTest.loginTest(java.lang.String,java.lang.String)[pri:0, instance:com.dcpl.testcase.LoginPageTest@4c163e3]" name="loginTest" class="com.dcpl.testcase.LoginPageTest"/>
      </group> <!-- Sanity -->
      <group name="Smoke">
        <method signature="LoginPageTest.loginTest(java.lang.String,java.lang.String)[pri:0, instance:com.dcpl.testcase.LoginPageTest@4c163e3]" name="loginTest" class="com.dcpl.testcase.LoginPageTest"/>
      </group> <!-- Smoke -->
    </groups>
    <test started-at="2022-11-06T22:34:59 IST" name="SanityTest" finished-at="2022-11-06T22:36:13 IST" duration-ms="73961">
      <class name="com.dcpl.testcase.IndexPageTest">
        <test-method is-config="true" signature="readConfig()[pri:0, instance:com.dcpl.testcase.IndexPageTest@2a693f59]" started-at="2022-11-06T22:34:58 IST" name="readConfig" finished-at="2022-11-06T22:34:59 IST" duration-ms="679" status="PASS">
          <reporter-output>
          </reporter-output>
        </test-method> <!-- readConfig -->
        <test-method is-config="true" signature="afterSuite()[pri:0, instance:com.dcpl.testcase.IndexPageTest@2a693f59]" started-at="2022-11-06T22:36:13 IST" name="afterSuite" finished-at="2022-11-06T22:36:14 IST" duration-ms="748" status="PASS">
          <reporter-output>
          </reporter-output>
        </test-method> <!-- afterSuite -->
      </class> <!-- com.dcpl.testcase.IndexPageTest -->
      <class name="com.dcpl.testcase.LoginPageTest">
        <test-method is-config="true" signature="setup(java.lang.String)[pri:0, instance:com.dcpl.testcase.LoginPageTest@4c163e3]" started-at="2022-11-06T22:35:00 IST" name="setup" finished-at="2022-11-06T22:35:21 IST" duration-ms="20700" status="PASS">
          <params>
            <param index="0">
              <value>
                <![CDATA[chrome]]>
              </value>
            </param>
          </params>
          <reporter-output>
          </reporter-output>
        </test-method> <!-- setup -->
        <test-method signature="loginTest(java.lang.String,java.lang.String)[pri:0, instance:com.dcpl.testcase.LoginPageTest@4c163e3]" started-at="2022-11-06T22:35:21 IST" name="loginTest" data-provider="Credentials" finished-at="2022-11-06T22:36:13 IST" duration-ms="51418" status="PASS">
          <params>
            <param index="0">
              <value>
                <![CDATA[hashmi3113@gmail.com]]>
              </value>
            </param>
            <param index="1">
              <value>
                <![CDATA[hashmi@123]]>
              </value>
            </param>
          </params>
          <reporter-output>
          </reporter-output>
        </test-method> <!-- loginTest -->
        <test-method is-config="true" signature="tearDown()[pri:0, instance:com.dcpl.testcase.LoginPageTest@4c163e3]" started-at="2022-11-06T22:36:13 IST" name="tearDown" finished-at="2022-11-06T22:36:13 IST" duration-ms="381" status="PASS">
          <reporter-output>
          </reporter-output>
        </test-method> <!-- tearDown -->
      </class> <!-- com.dcpl.testcase.LoginPageTest -->
    </test> <!-- SanityTest -->
  </suite> <!-- Suite -->
</testng-results>
